========================================
NTSC CLV Frame Range Probe Script
========================================

=========================================
FILE: /home/sdi/raid/sftp/simoninns/LDV4300D_1/NTSC/Cinderella Japan/Cinderella_CLV_NTSC_side1_JapanImport_CC_2020-01-22_18-19-04.ldf
=========================================
>>> Probing file position 1000 for first valid VBI frame...
>>> Running: ld-decode --NTSC --start 1000 --length 1

Completed: saving JSON and exiting.
Took 2.00 seconds to decode 1 frames (9.97 FPS post-setup)
    Frame 1/1: File Frame 1001: CLV Timecode 0:23.19 Frame #709                     
    FIRST VBI: 0:23.19

>>> Searching for end (probing every 10000 file frames)...
    File pos 1000... 
Completed: saving JSON and exiting.
Took 2.32 seconds to decode 1 frames (9.19 FPS post-setup)
VBI: 0:23.19
    File pos 11000... 
Completed: saving JSON and exiting.
Took 2.68 seconds to decode 1 frames (7.64 FPS post-setup)
VBI: 5:57.09
    File pos 21000... 
Completed: saving JSON and exiting.
Took 2.87 seconds to decode 1 frames (7.98 FPS post-setup)
VBI: 11:31.00
    File pos 31000... 
Completed: saving JSON and exiting.
Took 2.53 seconds to decode 1 frames (5.38 FPS post-setup)
VBI: 17:04.20
    File pos 41000... 
Completed: saving JSON and exiting.
Took 2.41 seconds to decode 1 frames (9.93 FPS post-setup)
VBI: 22:38.10
    File pos 51000... 
Completed: saving JSON and exiting.
Took 2.57 seconds to decode 1 frames (7.86 FPS post-setup)
VBI: 28:12.00
    File pos 61000... 
Completed: saving JSON and exiting.
Took 2.71 seconds to decode 1 frames (8.98 FPS post-setup)
VBI: 33:45.20
    File pos 71000... 
Completed: saving JSON and exiting.
Took 2.47 seconds to decode 1 frames (10.43 FPS post-setup)
VBI: 39:19.10
    File pos 81000... 
Completed without handling any frames.
FAILED (past end)
    Backing up to 76000... 
Completed without handling any frames.
FAILED
    Backing up to 71000... 
Completed: saving JSON and exiting.
Took 2.54 seconds to decode 1 frames (6.65 FPS post-setup)
VBI: 39:19.10

>>> RESULT: VBI Range = 0:23.19 to 39:19.10 (approx, file pos 1000 to ~71000)

=========================================
FILE: /home/sdi/raid/sftp/simoninns/LDV4300D_1/NTSC/Cinderella Japan/Cinderella_CLV_NTSC_side2_JapanImport_CC_2020-01-22_19-29-23.ldf
=========================================
>>> Probing file position 1000 for first valid VBI frame...
>>> Running: ld-decode --NTSC --start 1000 --length 1

Completed: saving JSON and exiting.
Took 2.29 seconds to decode 1 frames (8.81 FPS post-setup)
    Frame 1/1: File Frame 1001: CLV Timecode 0:23.06 Frame #696                     
    FIRST VBI: 0:23.06

>>> Searching for end (probing every 10000 file frames)...
    File pos 1000... 
Completed: saving JSON and exiting.
Took 2.38 seconds to decode 1 frames (7.26 FPS post-setup)
VBI: 0:23.06
    File pos 11000... 
Completed: saving JSON and exiting.
Took 2.08 seconds to decode 1 frames (8.85 FPS post-setup)
VBI: 5:56.26
    File pos 21000... 
Completed: saving JSON and exiting.
Took 2.04 seconds to decode 1 frames (10.23 FPS post-setup)
VBI: 11:30.17
    File pos 31000... 
Completed: saving JSON and exiting.
Took 2.22 seconds to decode 1 frames (7.53 FPS post-setup)
VBI: 17:04.07
    File pos 41000... 
Completed: saving JSON and exiting.
Took 2.24 seconds to decode 1 frames (7.23 FPS post-setup)
VBI: 22:37.27
    File pos 51000... 
Completed: saving JSON and exiting.
Took 2.16 seconds to decode 1 frames (7.42 FPS post-setup)
VBI: 28:11.17
    File pos 61000... 
Completed: saving JSON and exiting.
Took 2.51 seconds to decode 1 frames (9.07 FPS post-setup)
VBI: 33:45.07
    File pos 71000... 
Completed without handling any frames.
FAILED (past end)
    Backing up to 66000... 
Completed without handling any frames.
FAILED
    Backing up to 61000... 
Completed: saving JSON and exiting.
Took 2.64 seconds to decode 1 frames (6.43 FPS post-setup)
VBI: 33:45.07

>>> RESULT: VBI Range = 0:23.06 to 33:45.07 (approx, file pos 1000 to ~61000)

=========================================
FILE: /home/sdi/raid/sftp/simoninns/LDV4300D_1/NTSC/Bambi Japan/Bambi_CLV_NTSC_side1_JapanImport_LDG_2020-01-22_20-25-19.ldf
=========================================
>>> Probing file position 1000 for first valid VBI frame...
>>> Running: ld-decode --NTSC --start 1000 --length 1

Completed: saving JSON and exiting.
Took 2.52 seconds to decode 1 frames (7.59 FPS post-setup)
    Frame 1/1: File Frame 1000: CLV Timecode 0:22.27 Frame #687                     
    FIRST VBI: 0:22.27

>>> Searching for end (probing every 10000 file frames)...
    File pos 1000... 
Completed: saving JSON and exiting.
Took 2.56 seconds to decode 1 frames (6.54 FPS post-setup)
VBI: 0:22.27
    File pos 11000... 
Completed: saving JSON and exiting.
Took 2.60 seconds to decode 1 frames (7.12 FPS post-setup)
VBI: 5:56.17
    File pos 21000... 
Completed: saving JSON and exiting.
Took 2.52 seconds to decode 1 frames (6.83 FPS post-setup)
VBI: 11:30.08
    File pos 31000... 
Completed: saving JSON and exiting.
Took 2.13 seconds to decode 1 frames (7.28 FPS post-setup)
VBI: 17:03.28
    File pos 41000... 
Completed: saving JSON and exiting.
Took 2.32 seconds to decode 1 frames (6.24 FPS post-setup)
VBI: 22:37.18
    File pos 51000... 
Completed: saving JSON and exiting.
Took 2.58 seconds to decode 1 frames (8.97 FPS post-setup)
VBI: 28:11.08
    File pos 61000... 
Completed: saving JSON and exiting.
Took 2.24 seconds to decode 1 frames (11.27 FPS post-setup)
VBI: 33:44.28
    File pos 71000... 
Completed without handling any frames.
FAILED (past end)
    Backing up to 66000... 
Completed: saving JSON and exiting.
Took 2.38 seconds to decode 1 frames (10.87 FPS post-setup)
VBI: 36:31.23

>>> RESULT: VBI Range = 0:22.27 to 36:31.23 (approx, file pos 1000 to ~66000)

=========================================
FILE: /home/sdi/raid/sftp/simoninns/LDV4300D_1/NTSC/Bambi Japan/Bambi_CLV_NTSC_side2_JapanImport_LDG_2020-01-22_21-20-20.ldf
=========================================
>>> Probing file position 1000 for first valid VBI frame...
>>> Running: ld-decode --NTSC --start 1000 --length 1

Completed: saving JSON and exiting.
Took 2.33 seconds to decode 1 frames (10.73 FPS post-setup)
    Frame 1/1: File Frame 1001: CLV Timecode 0:23.05 Frame #695                     
    FIRST VBI: 0:23.05

>>> Searching for end (probing every 10000 file frames)...
    File pos 1000... 
Completed: saving JSON and exiting.
Took 2.66 seconds to decode 1 frames (10.30 FPS post-setup)
VBI: 0:23.05
    File pos 11000... 
Completed: saving JSON and exiting.
Took 2.69 seconds to decode 1 frames (8.00 FPS post-setup)
VBI: 5:56.25
    File pos 21000... 
Completed: saving JSON and exiting.
Took 2.71 seconds to decode 1 frames (6.35 FPS post-setup)
VBI: 11:30.16
    File pos 31000... 
Completed: saving JSON and exiting.
Took 2.65 seconds to decode 1 frames (9.37 FPS post-setup)
VBI: 17:04.06
    File pos 41000... 
Completed: saving JSON and exiting.
Took 2.28 seconds to decode 1 frames (10.48 FPS post-setup)
VBI: 22:37.26
    File pos 51000... 
Completed: saving JSON and exiting.
Took 2.36 seconds to decode 1 frames (6.57 FPS post-setup)
VBI: 28:11.16
    File pos 61000... 
Completed without handling any frames.
FAILED (past end)
    Backing up to 56000... 
Completed: saving JSON and exiting.
Took 2.58 seconds to decode 1 frames (11.43 FPS post-setup)
VBI: 30:58.10

>>> RESULT: VBI Range = 0:23.05 to 30:58.10 (approx, file pos 1000 to ~56000)

========================================
Results saved to ntsc-clv-frame-ranges.txt
========================================
