========================================
PAL CLV Frame Range Probe Script
========================================

=========================================
FILE: /home/sdi/raid/library/BBC_AIV/Domesday/Domesday_DS1/Domesday_DD86-DS1_NationalB_PP_20191014_CLV_PAL_00-60.ldf
=========================================
>>> Probing file position 1000 for first valid VBI frame...
>>> Running: ld-decode --PAL --start 1000 --length 1

Completed: saving JSON and exiting.
Took 3.31 seconds to decode 1 frames (6.35 FPS post-setup)
    Frame 1/1: File Frame 1001: CLV Timecode 0:31.20 Frame #795                     
    FIRST VBI: 0:31.20

>>> Searching for end (probing every 10000 file frames)...
    File pos 1000... 
Completed: saving JSON and exiting.
Took 3.64 seconds to decode 1 frames (6.67 FPS post-setup)
VBI: 0:31.20
    File pos 11000... 
Completed: saving JSON and exiting.
Took 3.34 seconds to decode 1 frames (6.70 FPS post-setup)
VBI: 7:11.20
    File pos 21000... 
Completed: saving JSON and exiting.
Took 2.75 seconds to decode 1 frames (4.63 FPS post-setup)
VBI: 13:51.20
    File pos 31000... 
Completed: saving JSON and exiting.
Took 3.07 seconds to decode 1 frames (5.09 FPS post-setup)
VBI: 20:31.20
    File pos 41000... 
Completed: saving JSON and exiting.
Took 2.53 seconds to decode 1 frames (6.83 FPS post-setup)
VBI: 27:11.20
    File pos 51000... 
Completed: saving JSON and exiting.
Took 2.06 seconds to decode 1 frames (8.19 FPS post-setup)
VBI: 33:51.20
    File pos 61000... 
Completed: saving JSON and exiting.
Took 2.34 seconds to decode 1 frames (4.96 FPS post-setup)
VBI: 40:31.20
    File pos 71000... 
Completed: saving JSON and exiting.
Took 2.23 seconds to decode 1 frames (6.21 FPS post-setup)
VBI: 47:11.20
    File pos 81000... 
Completed: saving JSON and exiting.
Took 2.77 seconds to decode 1 frames (1.53 FPS post-setup)
VBI: 53:51.20
    File pos 91000... 
Completed without handling any frames.
FAILED (past end)
    Backing up to 86000... 
Completed: saving JSON and exiting.
Took 2.49 seconds to decode 1 frames (7.10 FPS post-setup)
VBI: 57:11.20

>>> RESULT: VBI Range = 0:31.20 to 57:11.20 (approx, file pos 1000 to ~86000)

=========================================
FILE: /home/sdi/raid/library/BBC_AIV/Domesday/Domesday_DS2/Domesday_DD86-DS2_NationalB_PP_20191014_CLV_PAL_00-60.ldf
=========================================
>>> Probing file position 1000 for first valid VBI frame...
>>> Running: ld-decode --PAL --start 1000 --length 1

Completed: saving JSON and exiting.
Took 2.63 seconds to decode 1 frames (6.46 FPS post-setup)
    Frame 1/1: File Frame 1000: CLV Timecode 0:31.11 Frame #786                     
    FIRST VBI: 0:31.11

>>> Searching for end (probing every 10000 file frames)...
    File pos 1000... 
Completed: saving JSON and exiting.
Took 2.66 seconds to decode 1 frames (7.71 FPS post-setup)
VBI: 0:31.11
    File pos 11000... 
Completed: saving JSON and exiting.
Took 2.39 seconds to decode 1 frames (7.15 FPS post-setup)
VBI: 7:11.11
    File pos 21000... 
Completed: saving JSON and exiting.
Took 2.21 seconds to decode 1 frames (5.97 FPS post-setup)
VBI: 13:51.11
    File pos 31000... 
Completed: saving JSON and exiting.
Took 2.43 seconds to decode 1 frames (7.15 FPS post-setup)
VBI: 20:31.11
    File pos 41000... 
Completed: saving JSON and exiting.
Took 2.71 seconds to decode 1 frames (6.31 FPS post-setup)
VBI: 27:11.12
    File pos 51000... 
Completed: saving JSON and exiting.
Took 3.03 seconds to decode 1 frames (6.00 FPS post-setup)
VBI: 33:51.12
    File pos 61000... 
Completed: saving JSON and exiting.
Took 3.07 seconds to decode 1 frames (3.16 FPS post-setup)
VBI: 40:31.12
    File pos 71000... 
Completed: saving JSON and exiting.
Took 3.02 seconds to decode 1 frames (4.63 FPS post-setup)
VBI: 47:11.12
    File pos 81000... 
Completed: saving JSON and exiting.
Took 3.08 seconds to decode 1 frames (4.18 FPS post-setup)
VBI: 53:51.12
    File pos 91000... 
Completed without handling any frames.
FAILED (past end)
    Backing up to 86000... 
Completed: saving JSON and exiting.
Took 2.89 seconds to decode 1 frames (5.23 FPS post-setup)
VBI: 57:11.12

>>> RESULT: VBI Range = 0:31.11 to 57:11.12 (approx, file pos 1000 to ~86000)

=========================================
FILE: /home/sdi/raid/library/BBC_AIV/Domesday/Domesday_DS3/Domesday_DD86-DS3_NationalB_NP_20191014_CLV_PAL_00-58.ldf
=========================================
>>> Probing file position 1000 for first valid VBI frame...
>>> Running: ld-decode --PAL --start 1000 --length 1

Completed: saving JSON and exiting.
Took 3.01 seconds to decode 1 frames (4.87 FPS post-setup)
    Frame 1/1: File Frame 1000: CLV Timecode 0:32.16 Frame #816                     
    FIRST VBI: 0:32.16

>>> Searching for end (probing every 10000 file frames)...
    File pos 1000... 
Completed: saving JSON and exiting.
Took 2.69 seconds to decode 1 frames (5.63 FPS post-setup)
VBI: 0:32.16
    File pos 11000... 
Completed: saving JSON and exiting.
Took 2.22 seconds to decode 1 frames (6.63 FPS post-setup)
VBI: 7:12.16
    File pos 21000... 
Completed: saving JSON and exiting.
Took 2.41 seconds to decode 1 frames (4.85 FPS post-setup)
VBI: 13:52.16
    File pos 31000... 
Completed: saving JSON and exiting.
Took 2.41 seconds to decode 1 frames (4.60 FPS post-setup)
VBI: 20:32.16
    File pos 41000... 
Completed: saving JSON and exiting.
Took 2.39 seconds to decode 1 frames (4.74 FPS post-setup)
VBI: 27:12.16
    File pos 51000... 
Completed: saving JSON and exiting.
Took 2.43 seconds to decode 1 frames (3.89 FPS post-setup)
VBI: 33:52.16
    File pos 61000... 
Completed: saving JSON and exiting.
Took 3.08 seconds to decode 1 frames (5.23 FPS post-setup)
VBI: 40:32.17
    File pos 71000... 
Completed: saving JSON and exiting.
Took 2.83 seconds to decode 1 frames (6.09 FPS post-setup)
VBI: 47:12.17
    File pos 81000... 
Completed: saving JSON and exiting.
Took 3.10 seconds to decode 1 frames (5.40 FPS post-setup)
VBI: 53:52.17
    File pos 91000... Exception in thread Thread-6 (decodefield):
Traceback (most recent call last):
  File "/usr/lib64/python3.12/threading.py", line 1075, in _bootstrap_inner
    self.run()
  File "/usr/lib64/python3.12/threading.py", line 1012, in run
    self._target(*self._args, **self._kwargs)
  File "/home/sdi/Coding/github/ld-decode-venv/ld-decode/lddecode/core.py", line 3912, in decodefield
    raise e
  File "/home/sdi/Coding/github/ld-decode-venv/ld-decode/lddecode/core.py", line 3908, in decodefield
    lpf_wrapper()
  File "/home/sdi/Coding/github/ld-decode-venv/ld-decode/lddecode/core.py", line 3072, in process
    super(FieldPAL, self).process()
  File "/home/sdi/Coding/github/ld-decode-venv/ld-decode/lddecode/core.py", line 1499, in process
    self.linelocs1, self.linebad, self.nextfieldoffset = self.compute_linelocs()
                                                         ^^^^^^^^^^^^^^^^^^^^^^^
  File "/home/sdi/Coding/github/ld-decode-venv/ld-decode/lddecode/core.py", line 2188, in compute_linelocs
    self.rawpulses = self.getpulses()
                     ^^^^^^^^^^^^^^^^
  File "/home/sdi/Coding/github/ld-decode-venv/ld-decode/lddecode/core.py", line 2117, in getpulses
    return self.getpulses(do_retry=False)
           ^^^^^^^^^^^^^^^^^^^^^^^^^^^^^^
  File "/home/sdi/Coding/github/ld-decode-venv/ld-decode/lddecode/core.py", line 2117, in getpulses
    return self.getpulses(do_retry=False)
           ^^^^^^^^^^^^^^^^^^^^^^^^^^^^^^
  File "/home/sdi/Coding/github/ld-decode-venv/ld-decode/lddecode/core.py", line 2117, in getpulses
    return self.getpulses(do_retry=False)
           ^^^^^^^^^^^^^^^^^^^^^^^^^^^^^^
  [Previous line repeated 979 more times]
  File "/home/sdi/Coding/github/ld-decode-venv/ld-decode/lddecode/core.py", line 2109, in getpulses
    pulses = findpulses(self.data["video"]["demod_05"], pulse_hz_min, pulse_hz_max)
             ^^^^^^^^^^^^^^^^^^^^^^^^^^^^^^^^^^^^^^^^^^^^^^^^^^^^^^^^^^^^^^^^^^^^^^
  File "/home/sdi/Coding/github/ld-decode-venv/ld-decode/lddecode/utils.py", line 1051, in findpulses
    pulses_starts, pulses_lengths = findpulses_numba_raw(
                                    ^^^^^^^^^^^^^^^^^^^^^
  File "/home/sdi/Coding/github/ld-decode-venv/lib64/python3.12/site-packages/numba/core/dispatcher.py", line 372, in _compile_for_args
    argtypes.append(self.typeof_pyval(a))
                    ^^^^^^^^^^^^^^^^^^^^
  File "/home/sdi/Coding/github/ld-decode-venv/lib64/python3.12/site-packages/numba/core/dispatcher.py", line 687, in typeof_pyval
    tp = typeof(val, Purpose.argument)
         ^^^^^^^^^^^^^^^^^^^^^^^^^^^^^
  File "/home/sdi/Coding/github/ld-decode-venv/lib64/python3.12/site-packages/numba/core/typing/typeof.py", line 33, in typeof
    ty = typeof_impl(val, c)
         ^^^^^^^^^^^^^^^^^^^
  File "/usr/lib64/python3.12/functools.py", line 912, in wrapper
    return dispatch(args[0].__class__)(*args, **kw)
           ^^^^^^^^^^^^^^^^^^^^^^^^^^^^^^^^^^^^^^^^
  File "/home/sdi/Coding/github/ld-decode-venv/lib64/python3.12/site-packages/numba/core/typing/typeof.py", line 269, in _typeof_ndarray
    return types.Array(dtype, val.ndim, layout, readonly=readonly)
           ^^^^^^^^^^^^^^^^^^^^^^^^^^^^^^^^^^^^^^^^^^^^^^^^^^^^^^^
  File "/home/sdi/Coding/github/ld-decode-venv/lib64/python3.12/site-packages/numba/core/types/abstract.py", line 68, in __call__
    return cls._intern(inst)
           ^^^^^^^^^^^^^^^^^
  File "/home/sdi/Coding/github/ld-decode-venv/lib64/python3.12/site-packages/numba/core/types/abstract.py", line 52, in _intern
    orig = _typecache.get(wr)
           ^^^^^^^^^^^^^^^^^^
  File "/home/sdi/Coding/github/ld-decode-venv/lib64/python3.12/site-packages/numba/core/types/abstract.py", line 122, in __hash__
    return hash(self.key)
           ^^^^^^^^^^^^^^
  File "/home/sdi/Coding/github/ld-decode-venv/lib64/python3.12/site-packages/numba/core/types/abstract.py", line 122, in __hash__
    return hash(self.key)
                ^^^^^^^^
RecursionError: maximum recursion depth exceeded

Completed without handling any frames.
Exception in thread Thread-7 (decodefield):
Traceback (most recent call last):
  File "/usr/lib64/python3.12/threading.py", line 1075, in _bootstrap_inner
    self.run()
  File "/usr/lib64/python3.12/threading.py", line 1012, in run
    self._target(*self._args, **self._kwargs)
  File "/home/sdi/Coding/github/ld-decode-venv/ld-decode/lddecode/core.py", line 3912, in decodefield
    raise e
  File "/home/sdi/Coding/github/ld-decode-venv/ld-decode/lddecode/core.py", line 3908, in decodefield
    lpf_wrapper()
  File "/home/sdi/Coding/github/ld-decode-venv/ld-decode/lddecode/core.py", line 3072, in process
    super(FieldPAL, self).process()
  File "/home/sdi/Coding/github/ld-decode-venv/ld-decode/lddecode/core.py", line 1499, in process
    self.linelocs1, self.linebad, self.nextfieldoffset = self.compute_linelocs()
                                                         ^^^^^^^^^^^^^^^^^^^^^^^
  File "/home/sdi/Coding/github/ld-decode-venv/ld-decode/lddecode/core.py", line 2188, in compute_linelocs
    self.rawpulses = self.getpulses()
                     ^^^^^^^^^^^^^^^^
  File "/home/sdi/Coding/github/ld-decode-venv/ld-decode/lddecode/core.py", line 2117, in getpulses
    return self.getpulses(do_retry=False)
           ^^^^^^^^^^^^^^^^^^^^^^^^^^^^^^
  File "/home/sdi/Coding/github/ld-decode-venv/ld-decode/lddecode/core.py", line 2117, in getpulses
    return self.getpulses(do_retry=False)
           ^^^^^^^^^^^^^^^^^^^^^^^^^^^^^^
  File "/home/sdi/Coding/github/ld-decode-venv/ld-decode/lddecode/core.py", line 2117, in getpulses
    return self.getpulses(do_retry=False)
           ^^^^^^^^^^^^^^^^^^^^^^^^^^^^^^
  [Previous line repeated 979 more times]
  File "/home/sdi/Coding/github/ld-decode-venv/ld-decode/lddecode/core.py", line 2109, in getpulses
    pulses = findpulses(self.data["video"]["demod_05"], pulse_hz_min, pulse_hz_max)
             ^^^^^^^^^^^^^^^^^^^^^^^^^^^^^^^^^^^^^^^^^^^^^^^^^^^^^^^^^^^^^^^^^^^^^^
  File "/home/sdi/Coding/github/ld-decode-venv/ld-decode/lddecode/utils.py", line 1051, in findpulses
    pulses_starts, pulses_lengths = findpulses_numba_raw(
                                    ^^^^^^^^^^^^^^^^^^^^^
  File "/home/sdi/Coding/github/ld-decode-venv/lib64/python3.12/site-packages/numba/core/dispatcher.py", line 372, in _compile_for_args
    argtypes.append(self.typeof_pyval(a))
                    ^^^^^^^^^^^^^^^^^^^^
  File "/home/sdi/Coding/github/ld-decode-venv/lib64/python3.12/site-packages/numba/core/dispatcher.py", line 687, in typeof_pyval
    tp = typeof(val, Purpose.argument)
         ^^^^^^^^^^^^^^^^^^^^^^^^^^^^^
  File "/home/sdi/Coding/github/ld-decode-venv/lib64/python3.12/site-packages/numba/core/typing/typeof.py", line 33, in typeof
    ty = typeof_impl(val, c)
         ^^^^^^^^^^^^^^^^^^^
  File "/usr/lib64/python3.12/functools.py", line 912, in wrapper
    return dispatch(args[0].__class__)(*args, **kw)
           ^^^^^^^^^^^^^^^^^^^^^^^^^^^^^^^^^^^^^^^^
  File "/home/sdi/Coding/github/ld-decode-venv/lib64/python3.12/site-packages/numba/core/typing/typeof.py", line 269, in _typeof_ndarray
    return types.Array(dtype, val.ndim, layout, readonly=readonly)
           ^^^^^^^^^^^^^^^^^^^^^^^^^^^^^^^^^^^^^^^^^^^^^^^^^^^^^^^
  File "/home/sdi/Coding/github/ld-decode-venv/lib64/python3.12/site-packages/numba/core/types/abstract.py", line 68, in __call__
    return cls._intern(inst)
           ^^^^^^^^^^^^^^^^^
  File "/home/sdi/Coding/github/ld-decode-venv/lib64/python3.12/site-packages/numba/core/types/abstract.py", line 52, in _intern
    orig = _typecache.get(wr)
           ^^^^^^^^^^^^^^^^^^
  File "/home/sdi/Coding/github/ld-decode-venv/lib64/python3.12/site-packages/numba/core/types/abstract.py", line 122, in __hash__
    return hash(self.key)
           ^^^^^^^^^^^^^^
  File "/home/sdi/Coding/github/ld-decode-venv/lib64/python3.12/site-packages/numba/core/types/abstract.py", line 122, in __hash__
    return hash(self.key)
                ^^^^^^^^
RecursionError: maximum recursion depth exceeded
FAILED (past end)
    Backing up to 86000... Unable to determine start of field - dropping field

Completed: saving JSON and exiting.
Took 2.58 seconds to decode 1 frames (7.35 FPS post-setup)
VBI: 57:12.17

>>> RESULT: VBI Range = 0:32.16 to 57:12.17 (approx, file pos 1000 to ~86000)

=========================================
FILE: /home/sdi/raid/library/BBC_AIV/Domesday/Domesday_DS4/Domesday_DD86-DS4_NationalB_PP_20191014_CLV_PAL_00-60.ldf
=========================================
>>> Probing file position 1000 for first valid VBI frame...
>>> Running: ld-decode --PAL --start 1000 --length 1

Completed: saving JSON and exiting.
Took 2.61 seconds to decode 1 frames (6.41 FPS post-setup)
    Frame 1/1: File Frame 1001: CLV Timecode 0:31.09 Frame #784                     
    FIRST VBI: 0:31.09

>>> Searching for end (probing every 10000 file frames)...
    File pos 1000... 
Completed: saving JSON and exiting.
Took 2.73 seconds to decode 1 frames (5.41 FPS post-setup)
VBI: 0:31.09
    File pos 11000... 
Completed: saving JSON and exiting.
Took 2.66 seconds to decode 1 frames (6.58 FPS post-setup)
VBI: 7:11.09
    File pos 21000... 
Completed: saving JSON and exiting.
Took 2.79 seconds to decode 1 frames (5.58 FPS post-setup)
VBI: 13:51.09
    File pos 31000... 
Completed: saving JSON and exiting.
Took 2.79 seconds to decode 1 frames (6.11 FPS post-setup)
VBI: 20:31.09
    File pos 41000... 
Completed: saving JSON and exiting.
Took 2.85 seconds to decode 1 frames (6.19 FPS post-setup)
VBI: 27:11.09
    File pos 51000... 
Completed: saving JSON and exiting.
Took 2.78 seconds to decode 1 frames (8.62 FPS post-setup)
VBI: 33:51.09
    File pos 61000... 
Completed: saving JSON and exiting.
Took 2.48 seconds to decode 1 frames (7.58 FPS post-setup)
VBI: 40:31.09
    File pos 71000... 
Completed: saving JSON and exiting.
Took 2.64 seconds to decode 1 frames (1.74 FPS post-setup)
VBI: 47:11.09
    File pos 81000... 
Completed: saving JSON and exiting.
Took 1.91 seconds to decode 1 frames (6.39 FPS post-setup)
VBI: 53:51.09
    File pos 91000... 
Completed without handling any frames.
FAILED (past end)
    Backing up to 86000... 
Completed: saving JSON and exiting.
Took 2.62 seconds to decode 1 frames (1.69 FPS post-setup)
VBI: 57:11.09

>>> RESULT: VBI Range = 0:31.09 to 57:11.09 (approx, file pos 1000 to ~86000)

=========================================
FILE: /home/sdi/raid/library/BBC_AIV/Domesday/Domesday_DS5/Domesday_DD86-DS5_NationalB_AK_20191111_CLV_PAL_00-60.ldf
=========================================
>>> Probing file position 1000 for first valid VBI frame...
>>> Running: ld-decode --PAL --start 1000 --length 1

Completed: saving JSON and exiting.
Took 2.17 seconds to decode 1 frames (6.61 FPS post-setup)
    Frame 1/1: File Frame 1000: CLV Timecode 0:31.19 Frame #794                     
    FIRST VBI: 0:31.19

>>> Searching for end (probing every 10000 file frames)...
    File pos 1000... 
Completed: saving JSON and exiting.
Took 2.36 seconds to decode 1 frames (7.60 FPS post-setup)
VBI: 0:31.19
    File pos 11000... 
Completed: saving JSON and exiting.
Took 3.57 seconds to decode 1 frames (5.15 FPS post-setup)
VBI: 7:11.20
    File pos 21000... 
Completed: saving JSON and exiting.
Took 3.42 seconds to decode 1 frames (5.20 FPS post-setup)
VBI: 13:51.20
    File pos 31000... 
Completed: saving JSON and exiting.
Took 3.25 seconds to decode 1 frames (4.99 FPS post-setup)
VBI: 20:31.20
    File pos 41000... 
Completed: saving JSON and exiting.
Took 3.12 seconds to decode 1 frames (4.08 FPS post-setup)
VBI: 27:11.20
    File pos 51000... 
Completed: saving JSON and exiting.
Took 3.15 seconds to decode 1 frames (3.78 FPS post-setup)
VBI: 33:51.20
    File pos 61000... 
Completed: saving JSON and exiting.
Took 2.62 seconds to decode 1 frames (5.46 FPS post-setup)
VBI: 40:31.20
    File pos 71000... 
Completed: saving JSON and exiting.
Took 2.47 seconds to decode 1 frames (6.32 FPS post-setup)
VBI: 47:11.20
    File pos 81000... 
Completed: saving JSON and exiting.
Took 2.43 seconds to decode 1 frames (6.78 FPS post-setup)
VBI: 53:51.20
    File pos 91000... 
Completed without handling any frames.
FAILED (past end)
    Backing up to 86000... 
Completed: saving JSON and exiting.
Took 2.70 seconds to decode 1 frames (6.99 FPS post-setup)
VBI: 57:11.20

>>> RESULT: VBI Range = 0:31.19 to 57:11.20 (approx, file pos 1000 to ~86000)

=========================================
FILE: /home/sdi/raid/library/BBC_AIV/Domesday/Domesday_DS6/Domesday_DD86-DS6_NationalB_PP_20200803_CLV_PAL_00-60.ldf
=========================================
>>> Probing file position 1000 for first valid VBI frame...
>>> Running: ld-decode --PAL --start 1000 --length 1

Completed: saving JSON and exiting.
Took 3.31 seconds to decode 1 frames (4.68 FPS post-setup)
    Frame 1/1: File Frame 1000: CLV Timecode 0:31.10 Frame #785                     
    FIRST VBI: 0:31.10

>>> Searching for end (probing every 10000 file frames)...
    File pos 1000... 
Completed: saving JSON and exiting.
Took 3.33 seconds to decode 1 frames (5.13 FPS post-setup)
VBI: 0:31.10
    File pos 11000... 
Completed: saving JSON and exiting.
Took 2.67 seconds to decode 1 frames (6.61 FPS post-setup)
VBI: 7:11.10
    File pos 21000... 
Completed: saving JSON and exiting.
Took 2.76 seconds to decode 1 frames (6.74 FPS post-setup)
VBI: 13:51.10
    File pos 31000... 
Completed: saving JSON and exiting.
Took 2.75 seconds to decode 1 frames (4.51 FPS post-setup)
VBI: 20:31.10
    File pos 41000... 
Completed: saving JSON and exiting.
Took 2.47 seconds to decode 1 frames (7.19 FPS post-setup)
VBI: 27:11.10
    File pos 51000... 
Completed: saving JSON and exiting.
Took 2.44 seconds to decode 1 frames (5.18 FPS post-setup)
VBI: 33:51.10
    File pos 61000... 
Completed: saving JSON and exiting.
Took 2.42 seconds to decode 1 frames (5.85 FPS post-setup)
VBI: 40:31.10
    File pos 71000... 
Completed: saving JSON and exiting.
Took 3.39 seconds to decode 1 frames (4.25 FPS post-setup)
VBI: 47:11.11
    File pos 81000... 
Completed: saving JSON and exiting.
Took 3.38 seconds to decode 1 frames (5.24 FPS post-setup)
VBI: 53:51.11
    File pos 91000... 
Completed without handling any frames.
FAILED (past end)
    Backing up to 86000... 
Completed: saving JSON and exiting.
Took 3.34 seconds to decode 1 frames (4.70 FPS post-setup)
VBI: 57:11.11

>>> RESULT: VBI Range = 0:31.10 to 57:11.11 (approx, file pos 1000 to ~86000)

=========================================
FILE: /home/sdi/raid/library/BBC_AIV/Domesday/Domesday_DS7/Domesday_DD86-DS7_NationalB_PP_20200215_CLV_PAL_00-44.ldf
=========================================
>>> Probing file position 1000 for first valid VBI frame...
>>> Running: ld-decode --PAL --start 1000 --length 1

Completed: saving JSON and exiting.
Took 3.44 seconds to decode 1 frames (5.61 FPS post-setup)
    Frame 1/1: File Frame 1001: CLV Timecode 0:31.22 Frame #797                     
    FIRST VBI: 0:31.22

>>> Searching for end (probing every 10000 file frames)...
    File pos 1000... 
Completed: saving JSON and exiting.
Took 3.26 seconds to decode 1 frames (6.70 FPS post-setup)
VBI: 0:31.22
    File pos 11000... 
Completed: saving JSON and exiting.
Took 2.94 seconds to decode 1 frames (4.98 FPS post-setup)
VBI: 7:11.22
    File pos 21000... 
Completed: saving JSON and exiting.
Took 3.30 seconds to decode 1 frames (5.06 FPS post-setup)
VBI: 13:51.22
    File pos 31000... 
Completed: saving JSON and exiting.
Took 2.70 seconds to decode 1 frames (6.25 FPS post-setup)
VBI: 20:31.22
    File pos 41000... 
Completed: saving JSON and exiting.
Took 2.64 seconds to decode 1 frames (6.06 FPS post-setup)
VBI: 27:11.22
    File pos 51000... 
Completed: saving JSON and exiting.
Took 2.23 seconds to decode 1 frames (8.73 FPS post-setup)
VBI: 33:51.22
    File pos 61000... 
Completed: saving JSON and exiting.
Took 2.19 seconds to decode 1 frames (8.60 FPS post-setup)
VBI: 40:31.22
    File pos 71000... 
Completed without handling any frames.
FAILED (past end)
    Backing up to 66000... At field #1, Field phaseID sequence mismatch (1->6) (player may be paused)

Completed: saving JSON and exiting.
Took 1.96 seconds to decode 1 frames (8.43 FPS post-setup)
VBI: 43:42.21

>>> RESULT: VBI Range = 0:31.22 to 43:42.21 (approx, file pos 1000 to ~66000)

=========================================
FILE: /home/sdi/raid/library/BBC_AIV/Domesday/Domesday_DS8/Domesday_DD86-DS8_NationalB_PP_20210104_CLV_PAL_00-60.ldf
=========================================
>>> Probing file position 1000 for first valid VBI frame...
>>> Running: ld-decode --PAL --start 1000 --length 1

Completed: saving JSON and exiting.
Took 2.58 seconds to decode 1 frames (6.86 FPS post-setup)
    Frame 1/1: File Frame 1001: CLV Timecode 0:31.14 Frame #789                     
    FIRST VBI: 0:31.14

>>> Searching for end (probing every 10000 file frames)...
    File pos 1000... 
Completed: saving JSON and exiting.
Took 2.69 seconds to decode 1 frames (5.08 FPS post-setup)
VBI: 0:31.14
    File pos 11000... 
Completed: saving JSON and exiting.
Took 2.53 seconds to decode 1 frames (5.92 FPS post-setup)
VBI: 7:11.14
    File pos 21000... 
Completed: saving JSON and exiting.
Took 2.51 seconds to decode 1 frames (6.50 FPS post-setup)
VBI: 13:51.14
    File pos 31000... 
Completed: saving JSON and exiting.
Took 2.04 seconds to decode 1 frames (7.77 FPS post-setup)
VBI: 20:31.14
    File pos 41000... 
Completed: saving JSON and exiting.
Took 2.16 seconds to decode 1 frames (8.58 FPS post-setup)
VBI: 27:11.14
    File pos 51000... 
Completed: saving JSON and exiting.
Took 2.17 seconds to decode 1 frames (9.16 FPS post-setup)
VBI: 33:51.14
    File pos 61000... 
Completed: saving JSON and exiting.
Took 2.02 seconds to decode 1 frames (8.25 FPS post-setup)
VBI: 40:31.14
    File pos 71000... 
Completed: saving JSON and exiting.
Took 2.39 seconds to decode 1 frames (1.80 FPS post-setup)
VBI: 47:11.14
    File pos 81000... 
Completed: saving JSON and exiting.
Took 2.42 seconds to decode 1 frames (7.00 FPS post-setup)
VBI: 53:51.15
    File pos 91000... 
Completed without handling any frames.
FAILED (past end)
    Backing up to 86000... 
Completed: saving JSON and exiting.
Took 2.47 seconds to decode 1 frames (5.94 FPS post-setup)
VBI: 57:11.15

>>> RESULT: VBI Range = 0:31.14 to 57:11.15 (approx, file pos 1000 to ~86000)

=========================================
FILE: /home/sdi/raid/library/BBC_AIV/Domesday/Domesday_DS9/Domesday_DD86-DS9_NationalB_NP_20200829_CLV_PAL_00-58.ldf
=========================================
>>> Probing file position 1000 for first valid VBI frame...
>>> Running: ld-decode --PAL --start 1000 --length 1

Completed: saving JSON and exiting.
Took 2.25 seconds to decode 1 frames (2.09 FPS post-setup)
    Frame 1/1: File Frame 1000: CLV Timecode 0:33.08 Frame #833                     
    FIRST VBI: 0:33.08

>>> Searching for end (probing every 10000 file frames)...
    File pos 1000... 
Completed: saving JSON and exiting.
Took 2.22 seconds to decode 1 frames (2.36 FPS post-setup)
VBI: 0:33.08
    File pos 11000... 
Completed: saving JSON and exiting.
Took 1.91 seconds to decode 1 frames (8.84 FPS post-setup)
VBI: 7:13.08
    File pos 21000... 
Completed: saving JSON and exiting.
Took 1.87 seconds to decode 1 frames (6.97 FPS post-setup)
VBI: 13:53.08
    File pos 31000... 
Completed: saving JSON and exiting.
Took 2.04 seconds to decode 1 frames (2.35 FPS post-setup)
VBI: 20:33.08
    File pos 41000... 
Completed: saving JSON and exiting.
Took 2.48 seconds to decode 1 frames (5.42 FPS post-setup)
VBI: 27:13.09
    File pos 51000... Analog audio processing error, muting samples
WARNING: Possible player skip detected - check output
At field #1, Field phaseID sequence mismatch (7->2) (player may be paused)

Completed: saving JSON and exiting.
Took 2.08 seconds to decode 1 frames (8.48 FPS post-setup)
VBI: 34:02.19
    File pos 61000... 
Completed: saving JSON and exiting.
Took 1.90 seconds to decode 1 frames (6.90 FPS post-setup)
VBI: 40:54.19
    File pos 71000... 
Completed: saving JSON and exiting.
Took 2.55 seconds to decode 1 frames (4.76 FPS post-setup)
VBI: 47:34.20
    File pos 81000... At field #1, Field phaseID sequence mismatch (1->6) (player may be paused)

Completed: saving JSON and exiting.
Took 2.01 seconds to decode 1 frames (6.95 FPS post-setup)
VBI: 54:48.11
    File pos 91000... 
Completed without handling any frames.
FAILED (past end)
    Backing up to 86000... 
Completed: saving JSON and exiting.
Took 1.80 seconds to decode 1 frames (6.72 FPS post-setup)
VBI: 58:36.07

>>> RESULT: VBI Range = 0:33.08 to 58:36.07 (approx, file pos 1000 to ~86000)

=========================================
FILE: /home/sdi/raid/library/BBC_AIV/Domesday/Domesday_DS10/Domesday_DD86-DS10_NationalB_PP_20200830_CLV_PAL_00-60.ldf
=========================================
>>> Probing file position 1000 for first valid VBI frame...
>>> Running: ld-decode --PAL --start 1000 --length 1

Completed: saving JSON and exiting.
Took 2.16 seconds to decode 1 frames (1.98 FPS post-setup)
    Frame 1/1: File Frame 1000: CLV Timecode 0:31.10 Frame #785                     
    FIRST VBI: 0:31.10

>>> Searching for end (probing every 10000 file frames)...
    File pos 1000... 
Completed: saving JSON and exiting.
Took 2.14 seconds to decode 1 frames (2.06 FPS post-setup)
VBI: 0:31.10
    File pos 11000... 
Completed: saving JSON and exiting.
Took 1.73 seconds to decode 1 frames (13.89 FPS post-setup)
VBI: 7:11.10
    File pos 21000... 
Completed: saving JSON and exiting.
Took 1.93 seconds to decode 1 frames (8.63 FPS post-setup)
VBI: 13:51.10
    File pos 31000... 
Completed: saving JSON and exiting.
Took 2.46 seconds to decode 1 frames (6.14 FPS post-setup)
VBI: 20:31.11
    File pos 41000... 
Completed: saving JSON and exiting.
Took 2.49 seconds to decode 1 frames (6.12 FPS post-setup)
VBI: 27:11.11
    File pos 51000... 
Completed: saving JSON and exiting.
Took 2.44 seconds to decode 1 frames (6.52 FPS post-setup)
VBI: 33:51.11
    File pos 61000... 
Completed: saving JSON and exiting.
Took 2.37 seconds to decode 1 frames (6.26 FPS post-setup)
VBI: 40:31.11
    File pos 71000... 
Completed: saving JSON and exiting.
Took 2.41 seconds to decode 1 frames (6.17 FPS post-setup)
VBI: 47:11.11
    File pos 81000... 
Completed: saving JSON and exiting.
Took 1.94 seconds to decode 1 frames (7.89 FPS post-setup)
VBI: 53:51.11
    File pos 91000... 
Completed without handling any frames.
FAILED (past end)
    Backing up to 86000... 
Completed: saving JSON and exiting.
Took 2.24 seconds to decode 1 frames (7.30 FPS post-setup)
VBI: 57:11.11

>>> RESULT: VBI Range = 0:31.10 to 57:11.11 (approx, file pos 1000 to ~86000)

=========================================
FILE: /home/sdi/raid/library/BBC_AIV/Domesday/Domesday_DS11/Domesday_DD86-DS11_NationalB_NP_20200830_CLV_PAL_00-60.ldf
=========================================
>>> Probing file position 1000 for first valid VBI frame...
>>> Running: ld-decode --PAL --start 1000 --length 1

Completed: saving JSON and exiting.
Took 1.93 seconds to decode 1 frames (13.65 FPS post-setup)
    Frame 1/1: File Frame 1000: CLV Timecode 0:31.06 Frame #781                     
    FIRST VBI: 0:31.06

>>> Searching for end (probing every 10000 file frames)...
    File pos 1000... 
Completed: saving JSON and exiting.
Took 1.88 seconds to decode 1 frames (8.32 FPS post-setup)
VBI: 0:31.06
    File pos 11000... 
Completed: saving JSON and exiting.
Took 2.66 seconds to decode 1 frames (6.73 FPS post-setup)
VBI: 7:11.07
    File pos 21000... 
Completed: saving JSON and exiting.
Took 2.57 seconds to decode 1 frames (6.54 FPS post-setup)
VBI: 13:51.07
    File pos 31000... 
Completed: saving JSON and exiting.
Took 2.55 seconds to decode 1 frames (6.34 FPS post-setup)
VBI: 20:31.07
    File pos 41000... 
Completed: saving JSON and exiting.
Took 2.84 seconds to decode 1 frames (1.83 FPS post-setup)
VBI: 27:11.07
    File pos 51000... 
Completed: saving JSON and exiting.
Took 2.15 seconds to decode 1 frames (9.16 FPS post-setup)
VBI: 33:51.07
    File pos 61000... 
Completed: saving JSON and exiting.
Took 2.61 seconds to decode 1 frames (7.18 FPS post-setup)
VBI: 40:28.14
    File pos 71000... At field #1, Field phaseID sequence mismatch (1->6) (player may be paused)

Completed: saving JSON and exiting.
Took 2.32 seconds to decode 1 frames (2.13 FPS post-setup)
VBI: 47:27.16
    File pos 81000... 
Completed: saving JSON and exiting.
Took 1.94 seconds to decode 1 frames (8.87 FPS post-setup)
VBI: 54:07.16
    File pos 91000... 
Completed without handling any frames.
FAILED (past end)
    Backing up to 86000... Unable to determine start of field - dropping field

Completed: saving JSON and exiting.
Took 2.72 seconds to decode 1 frames (6.44 FPS post-setup)
VBI: 57:27.17

>>> RESULT: VBI Range = 0:31.06 to 57:27.17 (approx, file pos 1000 to ~86000)

=========================================
FILE: /home/sdi/raid/library/BBC_AIV/Domesday/Domesday_DS12/Domesday_DD86-DS12_NationalB_PP_20220710_CLV_PAL_00-60.ldf
=========================================
>>> Probing file position 1000 for first valid VBI frame...
>>> Running: ld-decode --PAL --start 1000 --length 1

Completed: saving JSON and exiting.
Took 2.44 seconds to decode 1 frames (9.71 FPS post-setup)
    Frame 1/1: File Frame 1001: CLV Timecode 0:31.01 Frame #776                     
    FIRST VBI: 0:31.01

>>> Searching for end (probing every 10000 file frames)...
    File pos 1000... 
Completed: saving JSON and exiting.
Took 2.50 seconds to decode 1 frames (6.21 FPS post-setup)
VBI: 0:31.01
    File pos 11000... 
Completed: saving JSON and exiting.
Took 2.74 seconds to decode 1 frames (6.04 FPS post-setup)
VBI: 7:11.01
    File pos 21000... 
Completed: saving JSON and exiting.
Took 2.69 seconds to decode 1 frames (6.82 FPS post-setup)
VBI: 13:51.01
    File pos 31000... 
Completed: saving JSON and exiting.
Took 2.53 seconds to decode 1 frames (6.78 FPS post-setup)
VBI: 20:31.01
    File pos 41000... 
Completed: saving JSON and exiting.
Took 2.34 seconds to decode 1 frames (6.54 FPS post-setup)
VBI: 27:11.01
    File pos 51000... 
Completed: saving JSON and exiting.
Took 2.15 seconds to decode 1 frames (8.99 FPS post-setup)
VBI: 33:51.01
    File pos 61000... 
Completed: saving JSON and exiting.
Took 2.01 seconds to decode 1 frames (8.42 FPS post-setup)
VBI: 40:31.01
    File pos 71000... 
Completed: saving JSON and exiting.
Took 2.08 seconds to decode 1 frames (7.82 FPS post-setup)
VBI: 47:11.01
    File pos 81000... 
Completed: saving JSON and exiting.
Took 2.04 seconds to decode 1 frames (6.89 FPS post-setup)
VBI: 53:51.01
    File pos 91000... 
Completed without handling any frames.
FAILED (past end)
    Backing up to 86000... 
Completed: saving JSON and exiting.
Took 2.02 seconds to decode 1 frames (7.82 FPS post-setup)
VBI: 57:11.01

>>> RESULT: VBI Range = 0:31.01 to 57:11.01 (approx, file pos 1000 to ~86000)

=========================================
FILE: /home/sdi/raid/library/BBC_AIV/Test_Pressings/TP06/DD_TImagesOf80s_TP06_CLV_PAL_side2_Armstrong_2020-08-04_11-54-49.ldf
=========================================
>>> Probing file position 1000 for first valid VBI frame...
>>> Running: ld-decode --PAL --start 1000 --length 1

Completed: saving JSON and exiting.
Took 2.25 seconds to decode 1 frames (2.05 FPS post-setup)
    Frame 1/1: File Frame 1000: CLV Timecode 0:31.14 Frame #789                     
    FIRST VBI: 0:31.14

>>> Searching for end (probing every 10000 file frames)...
    File pos 1000... 
Completed: saving JSON and exiting.
Took 2.17 seconds to decode 1 frames (2.12 FPS post-setup)
VBI: 0:31.14
    File pos 11000... 
Completed: saving JSON and exiting.
Took 1.79 seconds to decode 1 frames (9.10 FPS post-setup)
VBI: 7:11.14
    File pos 21000... 
Completed: saving JSON and exiting.
Took 1.75 seconds to decode 1 frames (8.96 FPS post-setup)
VBI: 13:51.14
    File pos 31000... Unable to determine start of field - dropping field

Completed: saving JSON and exiting.
Took 2.39 seconds to decode 1 frames (5.97 FPS post-setup)
VBI: 20:31.15
    File pos 41000... 
Completed: saving JSON and exiting.
Took 2.92 seconds to decode 1 frames (5.53 FPS post-setup)
VBI: 27:11.15
    File pos 51000... 
Completed: saving JSON and exiting.
Took 2.82 seconds to decode 1 frames (5.92 FPS post-setup)
VBI: 33:51.15
    File pos 61000... 
Completed: saving JSON and exiting.
Took 2.82 seconds to decode 1 frames (5.62 FPS post-setup)
VBI: 40:31.15
    File pos 71000... 
Completed: saving JSON and exiting.
Took 2.74 seconds to decode 1 frames (5.46 FPS post-setup)
VBI: 47:11.15
    File pos 81000... 
Completed: saving JSON and exiting.
Took 2.23 seconds to decode 1 frames (7.43 FPS post-setup)
VBI: 53:51.15
    File pos 91000... 
Completed without handling any frames.
FAILED (past end)
    Backing up to 86000... 
Completed: saving JSON and exiting.
Took 2.66 seconds to decode 1 frames (1.87 FPS post-setup)

>>> RESULT: VBI Range = 0:31.14 to 53:51.15 (approx, file pos 1000 to ~81000)

=========================================
FILE: /home/sdi/raid/sftp/simoninns/LDV4300D_1/PAL/Falklands Task Force South/Falklands Task Force South_CLV_PAL_side1_BBC Video_2019-12-23_13-59-42.ldf
=========================================
>>> Probing file position 1000 for first valid VBI frame...
>>> Running: ld-decode --PAL --start 1000 --length 1

Completed: saving JSON and exiting.
Took 2.86 seconds to decode 1 frames (5.76 FPS post-setup)
    Frame 1/1: File Frame 1001: CLV Timecode 0:xx                                   
    FIRST VBI: 

>>> Searching for end (probing every 10000 file frames)...
    File pos 1000... 
Completed: saving JSON and exiting.
Took 2.89 seconds to decode 1 frames (5.35 FPS post-setup)
No VBI
    File pos 11000... 
Completed: saving JSON and exiting.
Took 2.87 seconds to decode 1 frames (5.75 FPS post-setup)
No VBI
    File pos 21000... 
Completed: saving JSON and exiting.
Took 2.80 seconds to decode 1 frames (5.85 FPS post-setup)
No VBI
    File pos 31000... 
Completed: saving JSON and exiting.
Took 2.80 seconds to decode 1 frames (5.90 FPS post-setup)
No VBI
    File pos 41000... 
Completed: saving JSON and exiting.
Took 2.89 seconds to decode 1 frames (1.48 FPS post-setup)
No VBI
    File pos 51000... 
Completed: saving JSON and exiting.
Took 2.26 seconds to decode 1 frames (7.25 FPS post-setup)
No VBI
    File pos 61000... 
Completed: saving JSON and exiting.
Took 2.28 seconds to decode 1 frames (7.00 FPS post-setup)
No VBI
    File pos 71000... 
Completed: saving JSON and exiting.
Took 2.26 seconds to decode 1 frames (6.60 FPS post-setup)
No VBI
    File pos 81000... 
Completed: saving JSON and exiting.
Took 2.19 seconds to decode 1 frames (7.07 FPS post-setup)
No VBI
    File pos 91000... 
Completed without handling any frames.
FAILED (past end)
    Backing up to 86000... 
Completed without handling any frames.
FAILED
    Backing up to 81000... 
Completed: saving JSON and exiting.
Took 2.13 seconds to decode 1 frames (7.67 FPS post-setup)

>>> RESULT: VBI Range =  to  (approx, file pos 1000 to ~0)

=========================================
FILE: /home/sdi/raid/sftp/simoninns/LDV4300D_1/PAL/Falklands Task Force South/Falklands Task Force South_CLV_PAL_side2_BBC Video_2019-12-23_15-03-01.ldf
=========================================
>>> Probing file position 1000 for first valid VBI frame...
>>> Running: ld-decode --PAL --start 1000 --length 1

Completed: saving JSON and exiting.
Took 2.17 seconds to decode 1 frames (7.61 FPS post-setup)
    Frame 1/1: File Frame 1000: CLV Timecode 0:xx                                   
    FIRST VBI: 

>>> Searching for end (probing every 10000 file frames)...
    File pos 1000... 
Completed: saving JSON and exiting.
Took 2.21 seconds to decode 1 frames (7.28 FPS post-setup)
No VBI
    File pos 11000... 
Completed: saving JSON and exiting.
Took 2.89 seconds to decode 1 frames (5.79 FPS post-setup)
No VBI
    File pos 21000... 
Completed: saving JSON and exiting.
Took 2.92 seconds to decode 1 frames (5.33 FPS post-setup)
No VBI
    File pos 31000... 
Completed: saving JSON and exiting.
Took 2.85 seconds to decode 1 frames (5.40 FPS post-setup)
No VBI
    File pos 41000... 
Completed: saving JSON and exiting.
Took 2.77 seconds to decode 1 frames (5.29 FPS post-setup)
No VBI
    File pos 51000... At field #1, Field phaseID sequence mismatch (1->6) (player may be paused)

Completed: saving JSON and exiting.
Took 2.84 seconds to decode 1 frames (5.50 FPS post-setup)
No VBI
    File pos 61000... 
Completed: saving JSON and exiting.
Took 2.79 seconds to decode 1 frames (1.58 FPS post-setup)
No VBI
    File pos 71000... 
Completed: saving JSON and exiting.
Took 2.27 seconds to decode 1 frames (7.44 FPS post-setup)
No VBI
    File pos 81000... 
Completed: saving JSON and exiting.
Took 2.20 seconds to decode 1 frames (6.97 FPS post-setup)
No VBI
    File pos 91000... 
Completed without handling any frames.
FAILED (past end)
    Backing up to 86000... 
Completed without handling any frames.
FAILED
    Backing up to 81000... 
Completed: saving JSON and exiting.
Took 2.27 seconds to decode 1 frames (6.71 FPS post-setup)

>>> RESULT: VBI Range =  to  (approx, file pos 1000 to ~0)

=========================================
FILE: /home/sdi/raid/sftp/simoninns/LDV4300D_1/PAL/A man a women and a bank/A man a woman and a bank_CLV_PAL_side1_2020-02-15_17-09-55.ldf
=========================================
>>> Probing file position 1000 for first valid VBI frame...
>>> Running: ld-decode --PAL --start 1000 --length 1

Completed: saving JSON and exiting.
Took 2.81 seconds to decode 1 frames (5.62 FPS post-setup)
    Frame 1/1: File Frame 1000: CLV Timecode 0:xx                                   
    FIRST VBI: 

>>> Searching for end (probing every 10000 file frames)...
    File pos 1000... 
Completed: saving JSON and exiting.
Took 2.74 seconds to decode 1 frames (5.55 FPS post-setup)
No VBI
    File pos 11000... 
Completed: saving JSON and exiting.
Took 2.24 seconds to decode 1 frames (7.61 FPS post-setup)
No VBI
    File pos 21000... 
Completed: saving JSON and exiting.
Took 2.29 seconds to decode 1 frames (6.95 FPS post-setup)
No VBI
    File pos 31000... 
Completed: saving JSON and exiting.
Took 2.27 seconds to decode 1 frames (7.12 FPS post-setup)
No VBI
    File pos 41000... 
Completed: saving JSON and exiting.
Took 2.21 seconds to decode 1 frames (6.11 FPS post-setup)
No VBI
    File pos 51000... 
Completed: saving JSON and exiting.
Took 2.18 seconds to decode 1 frames (7.64 FPS post-setup)
No VBI
    File pos 61000... 
Completed: saving JSON and exiting.
Took 2.89 seconds to decode 1 frames (5.52 FPS post-setup)
No VBI
    File pos 71000... 
Completed: saving JSON and exiting.
Took 2.91 seconds to decode 1 frames (5.82 FPS post-setup)
No VBI
    File pos 81000... 
Completed without handling any frames.
FAILED (past end)
    Backing up to 76000... 
Completed without handling any frames.
FAILED
    Backing up to 71000... 
Completed: saving JSON and exiting.
Took 2.90 seconds to decode 1 frames (5.43 FPS post-setup)

>>> RESULT: VBI Range =  to  (approx, file pos 1000 to ~0)

=========================================
FILE: /home/sdi/raid/sftp/simoninns/LDV4300D_1/PAL/A man a women and a bank/A man a woman and a bank_CLV_PAL_side2_2020-02-15_17-58-42.ldf
=========================================
>>> Probing file position 1000 for first valid VBI frame...
>>> Running: ld-decode --PAL --start 1000 --length 1

Completed: saving JSON and exiting.
Took 2.71 seconds to decode 1 frames (1.54 FPS post-setup)
    Frame 1/1: File Frame 1000: CLV Timecode 0:xx                                   
    FIRST VBI: 

>>> Searching for end (probing every 10000 file frames)...
    File pos 1000... 
Completed: saving JSON and exiting.
Took 2.69 seconds to decode 1 frames (1.65 FPS post-setup)
No VBI
    File pos 11000... 
Completed: saving JSON and exiting.
Took 2.20 seconds to decode 1 frames (6.68 FPS post-setup)
No VBI
    File pos 21000... 
Completed: saving JSON and exiting.
Took 2.17 seconds to decode 1 frames (7.48 FPS post-setup)
No VBI
    File pos 31000... 
Completed: saving JSON and exiting.
Took 2.94 seconds to decode 1 frames (5.48 FPS post-setup)
No VBI
    File pos 41000... 
Completed: saving JSON and exiting.
Took 2.86 seconds to decode 1 frames (5.55 FPS post-setup)
No VBI
    File pos 51000... 
Completed: saving JSON and exiting.
Took 2.84 seconds to decode 1 frames (5.54 FPS post-setup)
No VBI
    File pos 61000... 
Completed: saving JSON and exiting.
Took 2.79 seconds to decode 1 frames (5.62 FPS post-setup)
No VBI
    File pos 71000... 
Completed: saving JSON and exiting.
Took 2.76 seconds to decode 1 frames (5.59 FPS post-setup)
No VBI
    File pos 81000... 
Completed without handling any frames.
FAILED (past end)
    Backing up to 76000... 
Completed without handling any frames.
FAILED
    Backing up to 71000... 
Completed: saving JSON and exiting.
Took 2.75 seconds to decode 1 frames (5.53 FPS post-setup)

>>> RESULT: VBI Range =  to  (approx, file pos 1000 to ~0)

========================================
Results saved to pal-clv-frame-ranges.txt
========================================
